<?xml version="1.0" encoding="UTF-8" ?>
<testsuite failures="0" time="7.844" errors="0" skipped="0" tests="1" name="com.juvenxu.mvnbook.account.email.AccountEmailServiceTest">
  <properties>
    <property name="java.runtime.name" value="Java(TM) SE Runtime Environment"/>
    <property name="sun.boot.library.path" value="C:\java\jdk1.6.0_23\jre\bin"/>
    <property name="java.vm.version" value="19.0-b09"/>
    <property name="java.vm.vendor" value="Sun Microsystems Inc."/>
    <property name="java.vendor.url" value="http://java.sun.com/"/>
    <property name="path.separator" value=";"/>
    <property name="java.vm.name" value="Java HotSpot(TM) Client VM"/>
    <property name="file.encoding.pkg" value="sun.io"/>
    <property name="user.country" value="CN"/>
    <property name="sun.java.launcher" value="SUN_STANDARD"/>
    <property name="sun.os.patch.level" value="Service Pack 3"/>
    <property name="java.vm.specification.name" value="Java Virtual Machine Specification"/>
    <property name="user.dir" value="D:\workspaceDemo\mailspring"/>
    <property name="java.runtime.version" value="1.6.0_23-b05"/>
    <property name="java.awt.graphicsenv" value="sun.awt.Win32GraphicsEnvironment"/>
    <property name="basedir" value="D:\workspaceDemo\mailspring"/>
    <property name="java.endorsed.dirs" value="C:\java\jdk1.6.0_23\jre\lib\endorsed"/>
    <property name="os.arch" value="x86"/>
    <property name="surefire.real.class.path" value="C:\DOCUME~1\ADMINI~1\LOCALS~1\Temp\surefirebooter6586715384268160607.jar"/>
    <property name="java.io.tmpdir" value="C:\DOCUME~1\ADMINI~1\LOCALS~1\Temp\"/>
    <property name="line.separator" value="
"/>
    <property name="java.vm.specification.vendor" value="Sun Microsystems Inc."/>
    <property name="user.variant" value=""/>
    <property name="os.name" value="Windows XP"/>
    <property name="sun.jnu.encoding" value="GBK"/>
    <property name="java.library.path" value="C:\java\jdk1.6.0_23\jre\bin;.;C:\WINDOWS\Sun\Java\bin;C:\WINDOWS\system32;C:\WINDOWS;C:/java/jdk1.6.0_23/bin/../jre/bin/client;C:/java/jdk1.6.0_23/bin/../jre/bin;C:/java/jdk1.6.0_23/bin/../jre/lib/i386;C:\Program Files\Common Files\NetSarang;.;D:\ant-1.8.2\bin;C:\java\jdk1.6.0_23\bin;D:\maven-3.0.1\bin;D:\oracle\product\10.2.0\client_1\bin;C:\WINDOWS\system32;C:\WINDOWS;C:\WINDOWS\System32\Wbem;C:\Program Files\Common Files\Thunder Network\KanKan\Codecs;D:\workspaceInds\GpsT\WebRoot\WEB-INF\lib;C:\WINDOWS\system32\WindowsPowerShell\v1.0;C:\Documents and Settings\Administrator\Application Data\npm;C:\Program Files\nodejs\;C:\WINDOWS\system32\WindowsPowerShell\v1.0;C:\Program Files\TortoiseSVN\bin;C:\Program Files\QuickTime\QTSystem\;C:\Program Files\SSH Communications Security\SSH Secure Shell;E:\eclipseJuno;"/>
    <property name="surefire.test.class.path" value="D:\workspaceDemo\mailspring\target\test-classes;D:\workspaceDemo\mailspring\target\classes;D:\mvnRepository\org\springframework\spring-core\3.1.3.RELEASE\spring-core-3.1.3.RELEASE.jar;D:\mvnRepository\org\springframework\spring-asm\3.1.3.RELEASE\spring-asm-3.1.3.RELEASE.jar;D:\mvnRepository\commons-logging\commons-logging\1.1.1\commons-logging-1.1.1.jar;D:\mvnRepository\org\springframework\spring-beans\3.1.3.RELEASE\spring-beans-3.1.3.RELEASE.jar;D:\mvnRepository\org\springframework\spring-context\3.1.3.RELEASE\spring-context-3.1.3.RELEASE.jar;D:\mvnRepository\org\springframework\spring-aop\3.1.3.RELEASE\spring-aop-3.1.3.RELEASE.jar;D:\mvnRepository\aopalliance\aopalliance\1.0\aopalliance-1.0.jar;D:\mvnRepository\org\springframework\spring-expression\3.1.3.RELEASE\spring-expression-3.1.3.RELEASE.jar;D:\mvnRepository\org\springframework\spring-context-support\3.1.3.RELEASE\spring-context-support-3.1.3.RELEASE.jar;D:\mvnRepository\javax\mail\mail\1.4.5\mail-1.4.5.jar;D:\mvnRepository\javax\activation\activation\1.1\activation-1.1.jar;D:\mvnRepository\com\icegreen\greenmail\1.3.1b\greenmail-1.3.1b.jar;D:\mvnRepository\org\slf4j\slf4j-api\1.3.1\slf4j-api-1.3.1.jar;D:\mvnRepository\junit\junit\4.7\junit-4.7.jar;"/>
    <property name="java.specification.name" value="Java Platform API Specification"/>
    <property name="java.class.version" value="50.0"/>
    <property name="sun.management.compiler" value="HotSpot Client Compiler"/>
    <property name="os.version" value="5.1"/>
    <property name="user.home" value="C:\Documents and Settings\Administrator"/>
    <property name="user.timezone" value="Asia/Shanghai"/>
    <property name="java.awt.printerjob" value="sun.awt.windows.WPrinterJob"/>
    <property name="java.specification.version" value="1.6"/>
    <property name="file.encoding" value="GBK"/>
    <property name="user.name" value="Administrator"/>
    <property name="java.class.path" value="D:\workspaceDemo\mailspring\target\test-classes;D:\workspaceDemo\mailspring\target\classes;D:\mvnRepository\org\springframework\spring-core\3.1.3.RELEASE\spring-core-3.1.3.RELEASE.jar;D:\mvnRepository\org\springframework\spring-asm\3.1.3.RELEASE\spring-asm-3.1.3.RELEASE.jar;D:\mvnRepository\commons-logging\commons-logging\1.1.1\commons-logging-1.1.1.jar;D:\mvnRepository\org\springframework\spring-beans\3.1.3.RELEASE\spring-beans-3.1.3.RELEASE.jar;D:\mvnRepository\org\springframework\spring-context\3.1.3.RELEASE\spring-context-3.1.3.RELEASE.jar;D:\mvnRepository\org\springframework\spring-aop\3.1.3.RELEASE\spring-aop-3.1.3.RELEASE.jar;D:\mvnRepository\aopalliance\aopalliance\1.0\aopalliance-1.0.jar;D:\mvnRepository\org\springframework\spring-expression\3.1.3.RELEASE\spring-expression-3.1.3.RELEASE.jar;D:\mvnRepository\org\springframework\spring-context-support\3.1.3.RELEASE\spring-context-support-3.1.3.RELEASE.jar;D:\mvnRepository\javax\mail\mail\1.4.5\mail-1.4.5.jar;D:\mvnRepository\javax\activation\activation\1.1\activation-1.1.jar;D:\mvnRepository\com\icegreen\greenmail\1.3.1b\greenmail-1.3.1b.jar;D:\mvnRepository\org\slf4j\slf4j-api\1.3.1\slf4j-api-1.3.1.jar;D:\mvnRepository\junit\junit\4.7\junit-4.7.jar;"/>
    <property name="java.vm.specification.version" value="1.0"/>
    <property name="sun.arch.data.model" value="32"/>
    <property name="java.home" value="C:\java\jdk1.6.0_23\jre"/>
    <property name="java.specification.vendor" value="Sun Microsystems Inc."/>
    <property name="user.language" value="zh"/>
    <property name="awt.toolkit" value="sun.awt.windows.WToolkit"/>
    <property name="java.vm.info" value="mixed mode, sharing"/>
    <property name="java.version" value="1.6.0_23"/>
    <property name="java.ext.dirs" value="C:\java\jdk1.6.0_23\jre\lib\ext;C:\WINDOWS\Sun\Java\lib\ext"/>
    <property name="sun.boot.class.path" value="C:\java\jdk1.6.0_23\jre\lib\resources.jar;C:\java\jdk1.6.0_23\jre\lib\rt.jar;C:\java\jdk1.6.0_23\jre\lib\sunrsasign.jar;C:\java\jdk1.6.0_23\jre\lib\jsse.jar;C:\java\jdk1.6.0_23\jre\lib\jce.jar;C:\java\jdk1.6.0_23\jre\lib\charsets.jar;C:\java\jdk1.6.0_23\jre\lib\modules\jdk.boot.jar;C:\java\jdk1.6.0_23\jre\classes"/>
    <property name="java.vendor" value="Sun Microsystems Inc."/>
    <property name="localRepository" value="D:\mvnRepository"/>
    <property name="file.separator" value="\"/>
    <property name="java.vendor.url.bug" value="http://java.sun.com/cgi-bin/bugreport.cgi"/>
    <property name="sun.cpu.endian" value="little"/>
    <property name="sun.io.unicode.encoding" value="UnicodeLittle"/>
    <property name="sun.desktop" value="windows"/>
    <property name="sun.cpu.isalist" value="pentium_pro+mmx pentium_pro pentium+mmx pentium i486 i386 i86"/>
  </properties>
  <testcase time="7.735" classname="com.juvenxu.mvnbook.account.email.AccountEmailServiceTest" name="testSendMail"/>
</testsuite>